<?xml version="1.0" encoding="UTF-8"?>
<!-- Generated by org.testng.reporters.JUnitReportReporter -->
<testsuite hostname="DESKTOP-84IJL7P" failures="0" tests="1" name="com.cucumber.test.CucumberRunner" time="11.204" errors="0" timestamp="2022-12-11T14:08:20 EST" skipped="0">
  <testcase classname="com.cucumber.test.CucumberRunner" name="runScenario" time="11.204"/>
  <system-out/>
</testsuite> <!-- com.cucumber.test.CucumberRunner -->
