<?xml version="1.0" encoding="UTF-8"?>
<!-- Generated by org.testng.reporters.JUnitReportReporter -->
<testsuite hostname="DESKTOP-84IJL7P" failures="0" tests="1" name="com.cucumber.test.RunnerFile" time="0.226" errors="0" timestamp="2022-11-20T14:50:52 EST" skipped="1">
  <testcase classname="com.cucumber.test.RunnerFile" name="runScenario" time="0.226">
    <skipped/>
  </testcase> <!-- runScenario -->
  <system-out/>
</testsuite> <!-- com.cucumber.test.RunnerFile -->
