<?xml version="1.0" encoding="UTF-8"?>
<!-- Generated by org.testng.reporters.JUnitReportReporter -->
<testsuite hostname="DESKTOP-84IJL7P" failures="0" tests="1" name="com.cucumber.test.CucumberRunner" time="9.829" errors="0" timestamp="2022-11-21T22:34:15 EST" skipped="0">
  <testcase classname="com.cucumber.test.CucumberRunner" name="runScenario" time="9.829"/>
  <system-out/>
</testsuite> <!-- com.cucumber.test.CucumberRunner -->
